TN:
SF:server.js
FN:31,(anonymous_0)
FNF:1
FNH:0
FNDA:0,(anonymous_0)
DA:5,1
DA:6,1
DA:7,1
DA:8,1
DA:9,1
DA:10,1
DA:11,1
DA:12,1
DA:13,1
DA:14,1
DA:16,1
DA:21,1
DA:22,0
DA:25,1
DA:26,1
DA:27,1
DA:28,1
DA:29,1
DA:31,1
DA:33,1
DA:36,1
DA:41,1
DA:42,1
DA:44,1
LF:24
LH:23
BRDA:14,0,0,1
BRDA:14,0,1,1
BRDA:21,1,0,0
BRDA:21,1,1,1
BRF:4
BRH:3
end_of_record
TN:
SF:db/database.js
FN:15,(anonymous_0)
FNF:1
FNH:1
FNDA:1,(anonymous_0)
DA:5,1
DA:6,1
DA:9,1
DA:11,1
DA:13,1
DA:15,1
DA:16,1
LF:7
LH:7
BRF:0
BRH:0
end_of_record
TN:
SF:models/Document.js
FN:10,(anonymous_0)
FNF:1
FNH:1
FNDA:5,(anonymous_0)
DA:1,1
DA:3,1
DA:10,1
DA:11,5
DA:12,5
DA:13,1
DA:15,5
DA:18,1
LF:8
LH:8
BRDA:12,0,0,1
BRDA:12,0,1,4
BRF:2
BRH:2
end_of_record
TN:
SF:routes/editor.js
FN:9,getDocs
FN:11,(anonymous_1)
FN:18,postDoc
FN:20,(anonymous_3)
FN:31,getDoc
FN:32,(anonymous_5)
FN:39,deleteDoc
FN:40,(anonymous_7)
FN:46,updateDoc
FN:47,(anonymous_9)
FN:49,(anonymous_10)
FNF:11
FNH:11
FNDA:1,getDocs
FNDA:1,(anonymous_1)
FNDA:2,postDoc
FNDA:2,(anonymous_3)
FNDA:1,getDoc
FNDA:1,(anonymous_5)
FNDA:1,deleteDoc
FNDA:1,(anonymous_7)
FNDA:1,updateDoc
FNDA:1,(anonymous_9)
FNDA:1,(anonymous_10)
DA:5,1
DA:6,1
DA:10,1
DA:11,1
DA:12,1
DA:13,1
DA:19,2
DA:20,2
DA:21,2
DA:22,1
DA:25,1
DA:32,1
DA:33,1
DA:34,1
DA:40,1
DA:41,1
DA:47,1
DA:48,1
DA:49,1
DA:50,1
DA:51,1
DA:56,1
LF:22
LH:22
BRDA:12,0,0,0
BRDA:12,0,1,1
BRDA:21,1,0,1
BRDA:21,1,1,1
BRDA:33,2,0,0
BRDA:33,2,1,1
BRDA:48,3,0,0
BRDA:48,3,1,1
BRDA:50,4,0,0
BRDA:50,4,1,1
BRF:10
BRH:6
end_of_record
TN:
SF:test_example/src/card/card.js
FN:14,(anonymous_0)
FN:35,(anonymous_1)
FN:57,(anonymous_2)
FNF:3
FNH:0
FNDA:0,(anonymous_0)
FNDA:0,(anonymous_1)
FNDA:0,(anonymous_2)
DA:15,0
DA:16,0
DA:19,0
DA:22,0
DA:23,0
DA:39,0
DA:40,0
DA:43,0
DA:44,0
DA:45,0
DA:58,0
DA:59,0
DA:62,0
DA:69,0
LF:14
LH:0
BRDA:14,0,0,0
BRDA:15,1,0,0
BRDA:15,1,1,0
BRDA:16,2,0,0
BRDA:16,2,1,0
BRDA:19,3,0,0
BRDA:19,3,1,0
BRDA:39,4,0,0
BRDA:39,4,1,0
BRDA:39,5,0,0
BRDA:39,5,1,0
BRDA:58,6,0,0
BRDA:58,6,1,0
BRDA:58,7,0,0
BRDA:58,7,1,0
BRF:15
BRH:0
end_of_record
